<?xml version="1.0" encoding="UTF-8"?>
<!-- Generated by org.testng.reporters.JUnitReportReporter -->
<testsuite hostname="greeshma" failures="0" tests="1" name="test.testdemo" time="18.994" errors="0" timestamp="2024-01-10T23:33:44 IST" skipped="0">
  <testcase classname="test.testdemo" name="test" time="18.994"/>
</testsuite> <!-- test.testdemo -->
